<?xml version="1.0" encoding="UTF-8"?>
<testng-results ignored="0" total="2" passed="2" failed="0" skipped="0">
  <reporter-output>
  </reporter-output>
  <suite started-at="2024-04-23T07:40:10 IST" name="Suite" finished-at="2024-04-23T07:40:23 IST" duration-ms="12650">
    <groups>
    </groups>
    <test started-at="2024-04-23T07:40:10 IST" name="Test" finished-at="2024-04-23T07:40:23 IST" duration-ms="12650">
      <class name="api.tests.TC02">
        <test-method is-config="true" signature="initializeLoginTest()[pri:0, instance:api.tests.TC02@19e4653c]" started-at="2024-04-23T07:40:22 IST" name="initializeLoginTest" finished-at="2024-04-23T07:40:22 IST" duration-ms="1" status="PASS">
          <reporter-output>
          </reporter-output>
        </test-method> <!-- initializeLoginTest -->
        <test-method signature="verifyGetResponse2()[pri:2, instance:api.tests.TC02@19e4653c]" started-at="2024-04-23T07:40:22 IST" name="verifyGetResponse2" finished-at="2024-04-23T07:40:23 IST" duration-ms="864" status="PASS">
          <reporter-output>
          </reporter-output>
        </test-method> <!-- verifyGetResponse2 -->
        <test-method is-config="true" signature="finish()[pri:0, instance:api.tests.TC02@19e4653c]" started-at="2024-04-23T07:40:23 IST" name="finish" finished-at="2024-04-23T07:40:23 IST" duration-ms="63" status="PASS">
          <reporter-output>
          </reporter-output>
        </test-method> <!-- finish -->
      </class> <!-- api.tests.TC02 -->
      <class name="api.tests.TC01">
        <test-method is-config="true" signature="initializeLoginTest()[pri:0, instance:api.tests.TC01@55a147cc]" started-at="2024-04-23T07:40:10 IST" name="initializeLoginTest" finished-at="2024-04-23T07:40:11 IST" duration-ms="617" status="PASS">
          <reporter-output>
          </reporter-output>
        </test-method> <!-- initializeLoginTest -->
        <test-method signature="verifyGetResponse1()[pri:1, instance:api.tests.TC01@55a147cc]" started-at="2024-04-23T07:40:11 IST" name="verifyGetResponse1" finished-at="2024-04-23T07:40:21 IST" duration-ms="10501" status="PASS">
          <reporter-output>
          </reporter-output>
        </test-method> <!-- verifyGetResponse1 -->
        <test-method is-config="true" signature="finish()[pri:0, instance:api.tests.TC01@55a147cc]" started-at="2024-04-23T07:40:21 IST" name="finish" finished-at="2024-04-23T07:40:22 IST" duration-ms="471" status="PASS">
          <reporter-output>
          </reporter-output>
        </test-method> <!-- finish -->
      </class> <!-- api.tests.TC01 -->
    </test> <!-- Test -->
  </suite> <!-- Suite -->
</testng-results>
